[2021-11-08 16:16:49,501: INFO: stage_01_prepare]: 
********************
[2021-11-08 16:16:49,501: INFO: stage_01_prepare]: >>>>> stage One started <<<<<
[2021-11-08 16:16:49,516: INFO: common]: yaml file: configs/config.yaml loaded successfully
[2021-11-08 16:16:49,532: INFO: common]: yaml file: params.yaml loaded successfully
[2021-11-08 16:16:49,532: INFO: stage_01_prepare]: >>>>> stage One completed! all the data are saved in local <<<<<n
[2021-11-08 20:33:21,029: INFO: stage_01_prepare]: 
********************
[2021-11-08 20:33:21,029: INFO: stage_01_prepare]: >>>>> stage One started <<<<<
[2021-11-08 20:33:21,029: INFO: common]: yaml file: configs/config.yaml loaded successfully
[2021-11-08 20:33:21,029: INFO: common]: yaml file: params.yaml loaded successfully
[2021-11-08 20:33:21,029: INFO: common]: created directories at: artifacts\prepared
[2021-11-08 20:33:21,029: ERROR: stage_01_prepare]: [Errno 2] No such file or directory: 'data\\data.xml'
Traceback (most recent call last):
  File "src/stage_01_prepare.py", line 56, in <module>
    main(config_path=parsed_args.config,params_path=parsed_args.params)
  File "src/stage_01_prepare.py", line 41, in main
    with open(input_data, encoding=encode) as fd_in:
FileNotFoundError: [Errno 2] No such file or directory: 'data\\data.xml'
[2021-11-08 20:43:33,418: INFO: stage_01_prepare]: 
********************
[2021-11-08 20:43:33,419: INFO: stage_01_prepare]: >>>>> stage One started <<<<<
[2021-11-08 20:43:33,421: INFO: common]: yaml file: configs/config.yaml loaded successfully
[2021-11-08 20:43:33,422: INFO: common]: yaml file: params.yaml loaded successfully
[2021-11-08 20:43:33,423: INFO: common]: created directories at: artifacts\prepared
[2021-11-08 20:43:34,821: ERROR: data_mgmt]: Skipping the broken line 2002: unclosed token: line 1, column 2
Traceback (most recent call last):
  File "d:\mlops\simple_nlp_usecase\dvc-nlp-simple-usercase\src\utils\data_mgmt.py", line 13, in process_posts
    attr = ET.fromstring(line).attrib
  File "D:\MLOps\SIMPLE_NLP_USECASE\DVC-NLP-Simple-usercase\env\lib\xml\etree\ElementTree.py", line 1316, in XML
    return parser.close()
  File "<string>", line None
xml.etree.ElementTree.ParseError: unclosed token: line 1, column 2
[2021-11-08 20:43:34,843: INFO: stage_01_prepare]: >>>>> stage One completed! all the data are saved in local <<<<</n
[2021-11-08 22:29:08,308: INFO: stage_01_prepare]: 
********************
[2021-11-08 22:29:08,308: INFO: stage_01_prepare]: >>>>> stage One started <<<<<
[2021-11-08 22:29:08,309: INFO: common]: yaml file: configs/config.yaml loaded successfully
[2021-11-08 22:29:08,310: INFO: common]: yaml file: params.yaml loaded successfully
[2021-11-08 22:29:08,310: INFO: common]: created directories at: artifacts\prepared
[2021-11-08 22:29:08,574: ERROR: data_mgmt]: Skipping the broken line 2002: unclosed token: line 1, column 2
Traceback (most recent call last):
  File "d:\mlops\simple_nlp_usecase\dvc-nlp-simple-usercase\src\utils\data_mgmt.py", line 13, in process_posts
    attr = ET.fromstring(line).attrib
  File "D:\MLOps\SIMPLE_NLP_USECASE\DVC-NLP-Simple-usercase\env\lib\xml\etree\ElementTree.py", line 1316, in XML
    return parser.close()
  File "<string>", line None
xml.etree.ElementTree.ParseError: unclosed token: line 1, column 2
[2021-11-08 22:29:08,634: INFO: stage_01_prepare]: >>>>> stage One completed! all the data are saved in local <<<<</n
[2021-11-08 22:29:42,198: INFO: stage_01_prepare]: 
********************
[2021-11-08 22:29:42,198: INFO: stage_01_prepare]: >>>>> stage One started <<<<<
[2021-11-08 22:29:42,199: INFO: common]: yaml file: configs/config.yaml loaded successfully
[2021-11-08 22:29:42,200: INFO: common]: yaml file: params.yaml loaded successfully
[2021-11-08 22:29:42,201: INFO: common]: created directories at: artifacts\prepared
[2021-11-08 22:29:42,497: ERROR: data_mgmt]: Skipping the broken line 2002: unclosed token: line 1, column 2
Traceback (most recent call last):
  File "d:\mlops\simple_nlp_usecase\dvc-nlp-simple-usercase\src\utils\data_mgmt.py", line 13, in process_posts
    attr = ET.fromstring(line).attrib
  File "D:\MLOps\SIMPLE_NLP_USECASE\DVC-NLP-Simple-usercase\env\lib\xml\etree\ElementTree.py", line 1316, in XML
    return parser.close()
  File "<string>", line None
xml.etree.ElementTree.ParseError: unclosed token: line 1, column 2
[2021-11-08 22:29:42,499: INFO: stage_01_prepare]: >>>>> stage One completed! all the data are saved in local <<<<</n
[2021-11-08 22:30:33,279: INFO: stage_01_prepare]: 
********************
[2021-11-08 22:30:33,280: INFO: stage_01_prepare]: >>>>> stage One started <<<<<
[2021-11-08 22:30:33,282: INFO: common]: yaml file: configs/config.yaml loaded successfully
[2021-11-08 22:30:33,284: INFO: common]: yaml file: params.yaml loaded successfully
[2021-11-08 22:30:33,284: INFO: common]: created directories at: artifacts\prepared
[2021-11-08 22:30:33,634: ERROR: data_mgmt]: Skipping the broken line 2002: unclosed token: line 1, column 2
Traceback (most recent call last):
  File "d:\mlops\simple_nlp_usecase\dvc-nlp-simple-usercase\src\utils\data_mgmt.py", line 13, in process_posts
    attr = ET.fromstring(line).attrib
  File "D:\MLOps\SIMPLE_NLP_USECASE\DVC-NLP-Simple-usercase\env\lib\xml\etree\ElementTree.py", line 1316, in XML
    return parser.close()
  File "<string>", line None
xml.etree.ElementTree.ParseError: unclosed token: line 1, column 2
[2021-11-08 22:30:33,635: INFO: stage_01_prepare]: >>>>> stage One completed! all the data are saved in local <<<<</n
[2021-11-08 22:31:04,577: INFO: stage_01_prepare]: 
********************
[2021-11-08 22:31:04,577: INFO: stage_01_prepare]: >>>>> stage One started <<<<<
[2021-11-08 22:31:04,577: INFO: common]: yaml file: configs/config.yaml loaded successfully
[2021-11-08 22:31:04,577: INFO: common]: yaml file: params.yaml loaded successfully
[2021-11-08 22:31:04,577: INFO: common]: created directories at: artifacts\prepared
[2021-11-08 22:31:04,959: ERROR: data_mgmt]: Skipping the broken line 2002: unclosed token: line 1, column 2
Traceback (most recent call last):
  File "d:\mlops\simple_nlp_usecase\dvc-nlp-simple-usercase\src\utils\data_mgmt.py", line 13, in process_posts
    attr = ET.fromstring(line).attrib
  File "D:\MLOps\SIMPLE_NLP_USECASE\DVC-NLP-Simple-usercase\env\lib\xml\etree\ElementTree.py", line 1316, in XML
    return parser.close()
  File "<string>", line None
xml.etree.ElementTree.ParseError: unclosed token: line 1, column 2
[2021-11-08 22:31:04,961: INFO: stage_01_prepare]: >>>>> stage One completed! all the data are saved in local <<<<</n
